2018 ATL
2018 CHI
2018 CON
2018 DAL
2018 IND
2018 LAS
2018 LVA
2018 MIN
2018 NYL
2018 PHO
2018 SEA
2018 WAS
2019 ATL
2019 CHI
2019 CON
2019 DAL
2019 IND
2019 LAS
2019 LVA
2019 MIN
2019 NYL
2019 PHO
2019 SEA
2019 WAS
2020 ATL
2020 CHI
2020 CON
2020 DAL
2020 IND
2020 LAS
2020 LVA
2020 MIN
2020 NYL
2020 PHO
2020 SEA
2020 WAS
2021 ATL
2021 CHI
2021 CON
2021 DAL
2021 IND
2021 LAS
2021 LVA
2021 MIN
2021 NYL
2021 PHO
2021 SEA
2021 WAS
2022 ATL
2022 CHI
2022 CON
2022 DAL
2022 IND
2022 LAS
2022 LVA
2022 MIN
2022 NYL
2022 PHO
2022 SEA
2022 WAS
2023 ATL
2023 CHI
2023 CON
2023 DAL
2023 IND
2023 LAS
2023 LVA
2023 MIN
2023 NYL
2023 PHO
2023 SEA
2023 WAS
2024 ATL
2024 CHI
2024 CON
2024 DAL
2024 IND
2024 LAS
2024 LVA
2024 MIN
2024 NYL
2024 PHO
2024 SEA
2024 WAS
2018
2019
2020
2021
2022
2023
2024
Thu, Aug 22, 2024

NYL>DAL Δ17.7
 (Lin, r2=0.242)

NYL>DAL Δ16.1
 (Rid, r2=0.254)

NYL>DAL Δ16.7
 (Las, r2=0.254)

Fri, Aug 23, 2024

PHO>ATL Δ0.6
 (Lin, r2=0.242)

PHO>ATL Δ1.2
 (Rid, r2=0.254)

PHO>ATL Δ0.7
 (Las, r2=0.254)

Fri, Aug 23, 2024

CON>CHI Δ7.9
 (Lin, r2=0.242)

CON>CHI Δ7.2
 (Rid, r2=0.254)

CON>CHI Δ7.2
 (Las, r2=0.254)

Fri, Aug 23, 2024

MIN>LVA Δ4.4
 (Lin, r2=0.242)

MIN>LVA Δ3.1
 (Rid, r2=0.254)

MIN>LVA Δ3.6
 (Las, r2=0.254)

Fri, Aug 23, 2024

LAS>WAS Δ0.3
 (Lin, r2=0.242)

WAS>LAS Δ1.3
 (Rid, r2=0.254)

WAS>LAS Δ1.3
 (Las, r2=0.254)

